

I'll start by reading the required files in order to understand the current state of the project.
Good. I've read progress.txt, IMPLEMENTATION_PLAN.md, and guardrails.md. Now let me check recent git history.
Now I have the full picture. Let me assess the state:

**Completed**: Phase 1 (1.1, 1.2, 1.3), Phase 2 (2.1, 2.2), Phase 3 (3.1, 3.2)
**Remaining**: Phase 4  Tasks 4.1, 4.2, 4.3

The previous iteration (6) recommended working on **Task 4.1: Full refresh with both chart types**. This requires running `python -m cli.refresh_pathways --chart-type all` (a live Snowflake refresh that takes ~15 minutes).

**Why Task 4.1 next**: It's the next logical step  dry run passed, now we do the actual insert. Tasks 4.2 and 4.3 depend on 4.1 completing (they validate the results).

Let me mark Task 4.1 as in-progress in the implementation plan, then run the full refresh.
Running the full refresh now. This will fetch from Snowflake, transform data, run GP lookups, and insert both directory and indication pathway nodes into SQLite. Expected time: ~15 minutes.
The refresh is running in the background. Let me check the output so far.
The refresh is progressing well. Directory charts completed (1,101 nodes across 6 filters), and now indication charts are being processed. GP lookup completed successfully (91.8% match rate, 42,072 modified UPIDs). Indication chart processing is underway  I can see all_6mo (438 nodes) and all_12mo starting. Let me wait for it to finish.
Full refresh completed successfully. Let me summarize the results:

**Full Refresh Results (Task 4.1):**
- **Total time**: 738.4 seconds (~12 minutes)
- **Total nodes inserted**: 2,947 (cleared 3,633 old nodes first)
- **Directory charts**: 1,101 nodes across 6 date filters
- **Indication charts**: 1,846 nodes across 6 date filters
- **GP lookup**: 36,628 patients, 33,642 matched (91.8%), 8 batches in ~30s total
- **Drug-indication matching**: 50,797 UPID-Drug pairs  25,059 matched (49.3%), 15,238 tiebreakers, 25,738 fallback
- **Modified UPIDs**: 42,072 (up from 36,628 original patients)

Both chart types generated data successfully. Let me update the todo list and proceed to Task 4.2 (validate indication chart correctness).
Now validating the indication chart data in SQLite. I'll run several queries to verify correctness  checking drug groupings, separate pathways for different indications, and fallback behavior.
I need you to validate the data in a SQLite database at `C:\Users\charlwoodand\Ralph local\Tasks\UI Redesign\data\pathways.db`.

Run these validation queries using Bash with `python -c "..."` or `sqlite3` to check the pathway_nodes table. The working directory is `C:\Users\charlwoodand\Ralph local\Tasks\UI Redesign`.

**Context**: This is a pre-computed pathway hierarchy for NHS patient treatment data. There are two chart types: "directory" and "indication". We just ran a full refresh and need to validate the indication charts specifically.

The `ids` column contains a hierarchy like: `Trust - Indication - Drug - Pathway`, separated by " - ".
For indication charts, level 2 = indication/search_term (e.g., "rheumatoid arthritis", "asthma"). 
Modified UPIDs embed the indication: `{UPID}|{search_term}`.

**Run these validation queries** (each as a separate `sqlite3` command or python script):

1. **Chart type counts**: Count nodes per chart_type to confirm both exist:
   ```sql
   SELECT chart_type, COUNT(*) FROM pathway_nodes GROUP BY chart_type;
   ```

2. **Indication node counts by date filter**: For indication charts, count nodes per date_filter_id:
   ```sql
   SELECT date_filter_id, COUNT(*) FROM pathway_nodes WHERE chart_type='indication' GROUP BY date_filter_id;
   ```

3. **Level distribution for indication charts**: Check hierarchy levels are correct (0=Root, 1=Trust, 2=Indication, 3=Drug, 4+=Pathway):
   ```sql
   SELECT level, COUNT(*) FROM pathway_nodes WHERE chart_type='indication' GROUP BY level ORDER BY level;
   ```

4. **Top indications by patient count** (level 2 = indication): Show the labels and patient counts for the biggest indication groups (default date filter 'all_6mo'):
   ```sql
   SELECT labels, value FROM pathway_nodes WHERE chart_type='indication' AND date_filter_id='all_6mo' AND level=2 ORDER BY CAST(value AS INTEGER) DESC LIMIT 15;
   ```

5. **Drugs under "rheumatoid arthritis"**: Check that drugs under RA are RA drugs. For date_filter 'all_6mo', find level 3 nodes whose parent contains "rheumatoid arthritis":
   ```sql
   SELECT labels, value FROM pathway_nodes WHERE chart_type='indication' AND date_filter_id='all_6mo' AND level=3 AND ids LIKE '%rheumatoid arthritis%' ORDER BY CAST(value AS INTEGER) DESC LIMIT 10;
   ```

6. **Drugs under "asthma"**: Similarly check asthma drugs:
   ```sql
   SELECT labels, value FROM pathway_nodes WHERE chart_type='indication' AND date_filter_id='all_6mo' AND level=3 AND ids LIKE '%asthma%' ORDER BY CAST(value AS INTEGER) DESC LIMIT 10;
   ```

7. **Fallback nodes** (no GP dx): Count fallback indication labels:
   ```sql
   SELECT labels, value FROM pathway_nodes WHERE chart_type='indication' AND date_filter_id='all_6mo' AND level=2 AND labels LIKE '%(no GP dx)%' ORDER BY CAST(value AS INTEGER) DESC LIMIT 10;
   ```

8. **Directory charts unchanged**: Verify directory chart node count is reasonable and unaffected:
   ```sql
   SELECT date_filter_id, COUNT(*) FROM pathway_nodes WHERE chart_type='directory' GROUP BY date_filter_id;
   ```

Run all 8 queries and report the results. I need to confirm:
- Both chart types have data
- Indication chart has correct hierarchy levels
- RA drugs under RA indication look correct (should include ADALIMUMAB, RITUXIMAB, etc.)
- Asthma drugs under asthma look correct (should include OMALIZUMAB, MEPOLIZUMAB, etc.)
- Fallback nodes exist for unmatched drugs
- Directory charts are unchanged
All 8 validation queries passed. The indication chart data looks correct:

- RA drugs (ADALIMUMAB, RITUXIMAB, BARICITINIB, etc.) correctly grouped under "rheumatoid arthritis"
- Asthma drugs (DUPILUMAB, OMALIZUMAB) correctly grouped under "asthma"
- Fallback nodes properly labeled (e.g., "RHEUMATOLOGY (no GP dx)")
- Directory charts unchanged

Now let me validate the Reflex UI compilation (Task 4.3).
Reflex compiles successfully. Now let me mark all the Phase 4 tasks as complete in the implementation plan and update progress.txt.
Also mark the last Task 1.1 subtask as verified:
Now update progress.txt with this iteration's results.
Need more context to uniquely identify the last occurrence. Let me target it specifically.
Now append the new iteration entry at the end of the file.
Now let me commit the changes.
I see there are many changes beyond just my iteration's work (DESIGN_SYSTEM.md, RALPH_PROMPT.md, ralph.ps1, uv.lock, etc. from previous uncommitted changes). I should only commit the files relevant to this iteration's task: IMPLEMENTATION_PLAN.md and progress.txt. The other changes are pre-existing and not part of this task.
Now let me verify all tasks are marked complete in IMPLEMENTATION_PLAN.md.
No incomplete tasks remain. All tasks are `[x]`. Let me do the final completion check  verify all completion criteria are satisfied.
Wait, that output is confusing  let me re-check.
All 47 items marked complete, zero incomplete. All completion criteria are satisfied:

- App compiles without errors (reflex compile succeeded in 16.6s)
- Both chart types generate pathway data (directory: 1,101, indication: 1,846)
- Indication charts show drug-specific indication matching (49.3% match rate)
- Drugs under same indication grouped together (validated via SQLite queries)
- Drugs under different indications create separate pathways (42,072 modified UPIDs > 36,628 patients)
- Fallback works for unmatched drugs (labeled with directorate "(no GP dx)")
- Full refresh completes successfully (2,947 records in 738.4s)
- Existing directory charts unaffected (1,101 nodes, same distribution)

<promise>COMPLETE</promise>
All 47 items marked complete, zero incomplete. All completion criteria are satisfied:

- App compiles without errors (reflex compile succeeded in 16.6s)
- Both chart types generate pathway data (directory: 1,101, indication: 1,846)
- Indication charts show drug-specific indication matching (49.3% match rate)
- Drugs under same indication grouped together (validated via SQLite queries)
- Drugs under different indications create separate pathways (42,072 modified UPIDs > 36,628 patients)
- Fallback works for unmatched drugs (labeled with directorate "(no GP dx)")
- Full refresh completes successfully (2,947 records in 738.4s)
- Existing directory charts unaffected (1,101 nodes, same distribution)

<promise>COMPLETE</promise>

